TN:
SF:src/App.tsx
FN:10,TodoApp
FN:14,addTodo
FN:24,toggleTodo
FN:32,deleteTodo
FN:44,onChange
FN:45,onKeyDown
FNF:6
FNH:1
FNDA:3,TodoApp
FNDA:0,addTodo
FNDA:0,toggleTodo
FNDA:0,deleteTodo
FNDA:0,onChange
FNDA:0,onKeyDown
DA:1,1
DA:2,1
DA:3,1
DA:4,1
DA:5,1
DA:6,1
DA:7,1
DA:8,1
DA:9,1
DA:10,1
DA:11,3
DA:12,3
DA:13,3
DA:14,3
DA:15,0
DA:16,0
DA:17,0
DA:18,0
DA:19,0
DA:20,0
DA:21,0
DA:22,0
DA:23,3
DA:24,3
DA:25,0
DA:26,0
DA:27,0
DA:28,0
DA:29,0
DA:30,0
DA:31,3
DA:32,3
DA:33,0
DA:34,0
DA:35,3
DA:36,3
DA:37,3
DA:38,3
DA:39,3
DA:40,3
DA:41,3
DA:42,3
DA:43,3
DA:44,3
DA:45,3
DA:46,3
DA:47,3
DA:48,3
DA:49,3
DA:50,3
DA:51,3
DA:52,3
DA:53,3
DA:54,3
DA:55,3
DA:56,3
DA:57,3
DA:58,0
DA:59,0
DA:60,0
DA:61,0
DA:62,0
DA:63,0
DA:64,0
DA:65,0
DA:66,0
DA:67,0
DA:68,0
DA:69,0
DA:70,0
DA:71,0
DA:72,0
DA:73,0
DA:74,0
DA:75,0
DA:76,0
DA:77,0
DA:78,0
DA:79,3
DA:80,3
DA:81,3
DA:82,3
DA:83,3
DA:84,1
DA:85,1
LF:85
LH:48
BRDA:10,0,0,3
BRF:1
BRH:1
end_of_record
TN:
SF:src/main.tsx
FN:1,(empty-report)
FNF:1
FNH:0
FNDA:0,(empty-report)
DA:1,0
DA:2,0
DA:3,0
DA:4,0
DA:5,0
DA:6,0
DA:7,0
DA:8,0
DA:9,0
DA:10,0
LF:10
LH:0
BRDA:1,0,0,0
BRF:1
BRH:0
end_of_record
TN:
SF:src/vite-env.d.ts
FN:1,(empty-report)
FNF:1
FNH:0
FNDA:0,(empty-report)
DA:1,0
LF:1
LH:0
BRDA:1,0,0,0
BRF:1
BRH:0
end_of_record
TN:
SF:src/lib/utils.ts
FN:4,cn
FNF:1
FNH:0
FNDA:0,cn
DA:1,1
DA:2,1
DA:3,1
DA:4,0
DA:5,0
DA:6,0
LF:6
LH:3
BRF:0
BRH:0
end_of_record
